Start testing: Dec 04 14:16 CET
----------------------------------------------------------
1/3 Testing: UnitaryTest.MeshTest
1/3 Test: UnitaryTest.MeshTest
Command: "/home/yifan/桌面/CHPS_M1/TD_CHALEUR/Yifan/build/LaplaceSimulatorTests" "--gtest_filter=UnitaryTest.MeshTest" "--gtest_also_run_disabled_tests"
Directory: /home/yifan/桌面/CHPS_M1/TD_CHALEUR/Yifan/build
"UnitaryTest.MeshTest" start time: Dec 04 14:16 CET
Output:
----------------------------------------------------------
Running main() from /home/yifan/桌面/CHPS_M1/TD_CHALEUR/Yifan/build/_deps/googletest-src/googletest/src/gtest_main.cc
Note: Google Test filter = UnitaryTest.MeshTest
[==========] Running 1 test from 1 test suite.
[----------] Global test environment set-up.
[----------] 1 test from UnitaryTest
[ RUN      ] UnitaryTest.MeshTest
[       OK ] UnitaryTest.MeshTest (0 ms)
[----------] 1 test from UnitaryTest (0 ms total)

[----------] Global test environment tear-down
[==========] 1 test from 1 test suite ran. (0 ms total)
[  PASSED  ] 1 test.
<end of output>
Test time =   0.00 sec
----------------------------------------------------------
Test Passed.
"UnitaryTest.MeshTest" end time: Dec 04 14:16 CET
"UnitaryTest.MeshTest" time elapsed: 00:00:00
----------------------------------------------------------

2/3 Testing: UnitaryTest.ProblemTest
2/3 Test: UnitaryTest.ProblemTest
Command: "/home/yifan/桌面/CHPS_M1/TD_CHALEUR/Yifan/build/LaplaceSimulatorTests" "--gtest_filter=UnitaryTest.ProblemTest" "--gtest_also_run_disabled_tests"
Directory: /home/yifan/桌面/CHPS_M1/TD_CHALEUR/Yifan/build
"UnitaryTest.ProblemTest" start time: Dec 04 14:16 CET
Output:
----------------------------------------------------------
Running main() from /home/yifan/桌面/CHPS_M1/TD_CHALEUR/Yifan/build/_deps/googletest-src/googletest/src/gtest_main.cc
Note: Google Test filter = UnitaryTest.ProblemTest
[==========] Running 1 test from 1 test suite.
[----------] Global test environment set-up.
[----------] 1 test from UnitaryTest
[ RUN      ] UnitaryTest.ProblemTest
Variable: u_k
Data exported to u_k.data
Jacobi method converged in 251 iterations.
Variable: u_kp1
Data exported to u_kp1.data
VTK data exported to Variable_u_kp1.vtk
Gauss-Seidel method converged in 31 iterations.
Variable: u_kp1_gs
Data exported to u_kp1_gs.data
VTK data exported to Variable_u_kp1_gs.vtk
Variable: u_ref
Data exported to u_ref.data
VTK data exported to Variable_u_ref.vtk
[       OK ] UnitaryTest.ProblemTest (1 ms)
[----------] 1 test from UnitaryTest (1 ms total)

[----------] Global test environment tear-down
[==========] 1 test from 1 test suite ran. (1 ms total)
[  PASSED  ] 1 test.
<end of output>
Test time =   0.01 sec
----------------------------------------------------------
Test Passed.
"UnitaryTest.ProblemTest" end time: Dec 04 14:16 CET
"UnitaryTest.ProblemTest" time elapsed: 00:00:00
----------------------------------------------------------

3/3 Testing: MainFunctionTest.EquationTest
3/3 Test: MainFunctionTest.EquationTest
Command: "/home/yifan/桌面/CHPS_M1/TD_CHALEUR/Yifan/build/LaplaceSimulatorTests" "--gtest_filter=MainFunctionTest.EquationTest" "--gtest_also_run_disabled_tests"
Directory: /home/yifan/桌面/CHPS_M1/TD_CHALEUR/Yifan/build
"MainFunctionTest.EquationTest" start time: Dec 04 14:16 CET
Output:
----------------------------------------------------------
Running main() from /home/yifan/桌面/CHPS_M1/TD_CHALEUR/Yifan/build/_deps/googletest-src/googletest/src/gtest_main.cc
Note: Google Test filter = MainFunctionTest.EquationTest
[==========] Running 1 test from 1 test suite.
[----------] Global test environment set-up.
[----------] 1 test from MainFunctionTest
[ RUN      ] MainFunctionTest.EquationTest
[       OK ] MainFunctionTest.EquationTest (0 ms)
[----------] 1 test from MainFunctionTest (0 ms total)

[----------] Global test environment tear-down
[==========] 1 test from 1 test suite ran. (0 ms total)
[  PASSED  ] 1 test.
<end of output>
Test time =   0.00 sec
----------------------------------------------------------
Test Passed.
"MainFunctionTest.EquationTest" end time: Dec 04 14:16 CET
"MainFunctionTest.EquationTest" time elapsed: 00:00:00
----------------------------------------------------------

End testing: Dec 04 14:16 CET
